<?xml version="1.0" encoding="UTF-8"?>
<robot generator="Robot 6.1.1 (Python 3.11.5 on win32)" generated="20241001 11:46:37.169" rpa="false" schemaversion="4">
<suite id="s1" name="Test" source="D:\Pyhton\Robot\Testing\test.robot">
<test id="s1-t1" name="ScenarioTest_LoginWebKatalon" line="20">
<kw name="Open Browser" library="SeleniumLibrary">
<arg>${Web_Katalon}</arg>
<arg>chrome</arg>
<doc>Opens a new browser instance to the optional ``url``.</doc>
<msg timestamp="20241001 11:46:37.641" level="INFO">Opening browser 'chrome' to base url 'https://katalon-demo-cura.herokuapp.com/'.</msg>
<status status="PASS" starttime="20241001 11:46:37.640" endtime="20241001 11:46:49.550"/>
</kw>
<kw name="Sleep" library="BuiltIn">
<arg>2s</arg>
<doc>Pauses the test executed for the given time.</doc>
<msg timestamp="20241001 11:46:51.552" level="INFO">Slept 2 seconds</msg>
<status status="PASS" starttime="20241001 11:46:49.551" endtime="20241001 11:46:51.552"/>
</kw>
<kw name="Click Element" library="SeleniumLibrary">
<arg>id=btn-make-appointment</arg>
<doc>Click the element identified by ``locator``.</doc>
<msg timestamp="20241001 11:46:51.553" level="INFO">Clicking element 'id=btn-make-appointment'.</msg>
<status status="PASS" starttime="20241001 11:46:51.552" endtime="20241001 11:46:52.538"/>
</kw>
<kw name="Input Text" library="SeleniumLibrary">
<arg>name=username</arg>
<arg>John Doe</arg>
<doc>Types the given ``text`` into the text field identified by ``locator``.</doc>
<msg timestamp="20241001 11:46:52.540" level="INFO">Typing text 'John Doe' into text field 'name=username'.</msg>
<status status="PASS" starttime="20241001 11:46:52.538" endtime="20241001 11:46:52.680"/>
</kw>
<kw name="Input Text" library="SeleniumLibrary">
<arg>name=password</arg>
<arg>ThisIsNotAPassword</arg>
<doc>Types the given ``text`` into the text field identified by ``locator``.</doc>
<msg timestamp="20241001 11:46:52.683" level="INFO">Typing text 'ThisIsNotAPassword' into text field 'name=password'.</msg>
<status status="PASS" starttime="20241001 11:46:52.681" endtime="20241001 11:46:52.925"/>
</kw>
<kw name="Click Element" library="SeleniumLibrary">
<arg>id=btn-login</arg>
<doc>Click the element identified by ``locator``.</doc>
<msg timestamp="20241001 11:46:52.926" level="INFO">Clicking element 'id=btn-login'.</msg>
<status status="PASS" starttime="20241001 11:46:52.926" endtime="20241001 11:46:53.547"/>
</kw>
<kw name="Sleep" library="BuiltIn">
<arg>2s</arg>
<doc>Pauses the test executed for the given time.</doc>
<msg timestamp="20241001 11:46:55.548" level="INFO">Slept 2 seconds</msg>
<status status="PASS" starttime="20241001 11:46:53.547" endtime="20241001 11:46:55.548"/>
</kw>
<kw name="Click Element" library="SeleniumLibrary">
<arg>${xpath_facility}</arg>
<doc>Click the element identified by ``locator``.</doc>
<msg timestamp="20241001 11:46:55.549" level="INFO">Clicking element 'xpath=//option[@value='Hongkong CURA Healthcare Center']'.</msg>
<status status="PASS" starttime="20241001 11:46:55.549" endtime="20241001 11:46:55.590"/>
</kw>
<kw name="Input Text" library="SeleniumLibrary">
<arg>${input_date}</arg>
<arg>25/09/2024</arg>
<doc>Types the given ``text`` into the text field identified by ``locator``.</doc>
<msg timestamp="20241001 11:46:55.591" level="INFO">Typing text '25/09/2024' into text field 'id=txt_visit_date'.</msg>
<status status="PASS" starttime="20241001 11:46:55.591" endtime="20241001 11:46:55.798"/>
</kw>
<kw name="Input Text" library="SeleniumLibrary">
<arg>${Comment}</arg>
<arg>SettingRobotFramework</arg>
<doc>Types the given ``text`` into the text field identified by ``locator``.</doc>
<msg timestamp="20241001 11:46:55.799" level="INFO">Typing text 'SettingRobotFramework' into text field 'xpath=//textarea[@id='txt_comment']'.</msg>
<status status="PASS" starttime="20241001 11:46:55.798" endtime="20241001 11:46:55.999"/>
</kw>
<kw name="Click Element" library="SeleniumLibrary">
<arg>${btn_bookApointment}</arg>
<doc>Click the element identified by ``locator``.</doc>
<msg timestamp="20241001 11:46:56.000" level="INFO">Clicking element 'xpath=//button[@id='btn-book-appointment']'.</msg>
<status status="PASS" starttime="20241001 11:46:55.999" endtime="20241001 11:46:56.446"/>
</kw>
<kw name="Sleep" library="BuiltIn">
<arg>1s</arg>
<doc>Pauses the test executed for the given time.</doc>
<msg timestamp="20241001 11:46:57.448" level="INFO">Slept 1 second</msg>
<status status="PASS" starttime="20241001 11:46:56.447" endtime="20241001 11:46:57.448"/>
</kw>
<kw name="Capture Page Screenshot" library="SeleniumLibrary">
<arg>D:/Pyhton/Robot/Screenshot/ApoinmentConfirmation.png</arg>
<doc>Takes a screenshot of the current page and embeds it into a log file.</doc>
<msg timestamp="20241001 11:46:57.531" level="INFO" html="true">&lt;/td&gt;&lt;/tr&gt;&lt;tr&gt;&lt;td colspan="3"&gt;&lt;a href="Screenshot/ApoinmentConfirmation.png"&gt;&lt;img src="Screenshot/ApoinmentConfirmation.png" width="800px"&gt;&lt;/a&gt;</msg>
<status status="PASS" starttime="20241001 11:46:57.448" endtime="20241001 11:46:57.531"/>
</kw>
<kw name="Sleep" library="BuiltIn">
<arg>3s</arg>
<doc>Pauses the test executed for the given time.</doc>
<msg timestamp="20241001 11:47:00.533" level="INFO">Slept 3 seconds</msg>
<status status="PASS" starttime="20241001 11:46:57.532" endtime="20241001 11:47:00.533"/>
</kw>
<kw name="Close Browser" library="SeleniumLibrary">
<doc>Closes the current browser.</doc>
<status status="PASS" starttime="20241001 11:47:00.533" endtime="20241001 11:47:02.763"/>
</kw>
<status status="PASS" starttime="20241001 11:46:37.640" endtime="20241001 11:47:02.763"/>
</test>
<test id="s1-t2" name="ScenarioTest_LoginWebOrangeHRM" line="37">
<kw name="Open Browser" library="SeleniumLibrary">
<arg>${Web_OrangeHRM}</arg>
<arg>chrome</arg>
<doc>Opens a new browser instance to the optional ``url``.</doc>
<msg timestamp="20241001 11:47:02.766" level="INFO">Opening browser 'chrome' to base url 'https://opensource-demo.orangehrmlive.com/web/index.php/auth/login'.</msg>
<status status="PASS" starttime="20241001 11:47:02.765" endtime="20241001 11:47:19.865"/>
</kw>
<kw name="Maximize Browser Window" library="SeleniumLibrary">
<doc>Maximizes current browser window.</doc>
<status status="PASS" starttime="20241001 11:47:19.866" endtime="20241001 11:47:19.905"/>
</kw>
<kw name="Sleep" library="BuiltIn">
<arg>2s</arg>
<doc>Pauses the test executed for the given time.</doc>
<msg timestamp="20241001 11:47:21.906" level="INFO">Slept 2 seconds</msg>
<status status="PASS" starttime="20241001 11:47:19.906" endtime="20241001 11:47:21.906"/>
</kw>
<kw name="Input Text" library="SeleniumLibrary">
<arg>name=username</arg>
<arg>Admin</arg>
<doc>Types the given ``text`` into the text field identified by ``locator``.</doc>
<msg timestamp="20241001 11:47:21.907" level="INFO">Typing text 'Admin' into text field 'name=username'.</msg>
<status status="PASS" starttime="20241001 11:47:21.906" endtime="20241001 11:47:22.003"/>
</kw>
<kw name="Input Text" library="SeleniumLibrary">
<arg>name=password</arg>
<arg>admin123</arg>
<doc>Types the given ``text`` into the text field identified by ``locator``.</doc>
<msg timestamp="20241001 11:47:22.003" level="INFO">Typing text 'admin123' into text field 'name=password'.</msg>
<status status="PASS" starttime="20241001 11:47:22.003" endtime="20241001 11:47:22.120"/>
</kw>
<kw name="Click Element" library="SeleniumLibrary">
<arg>xpath=//button[@type='submit']</arg>
<doc>Click the element identified by ``locator``.</doc>
<msg timestamp="20241001 11:47:22.120" level="INFO">Clicking element 'xpath=//button[@type='submit']'.</msg>
<status status="PASS" starttime="20241001 11:47:22.120" endtime="20241001 11:47:27.275"/>
</kw>
<kw name="Sleep" library="BuiltIn">
<arg>3s</arg>
<doc>Pauses the test executed for the given time.</doc>
<msg timestamp="20241001 11:47:30.276" level="INFO">Slept 3 seconds</msg>
<status status="PASS" starttime="20241001 11:47:27.276" endtime="20241001 11:47:30.276"/>
</kw>
<kw name="Capture Page Screenshot" library="SeleniumLibrary">
<arg>D:/Pyhton/Robot/Screenshot/ProfilOrange.png</arg>
<doc>Takes a screenshot of the current page and embeds it into a log file.</doc>
<msg timestamp="20241001 11:47:30.379" level="INFO" html="true">&lt;/td&gt;&lt;/tr&gt;&lt;tr&gt;&lt;td colspan="3"&gt;&lt;a href="Screenshot/ProfilOrange.png"&gt;&lt;img src="Screenshot/ProfilOrange.png" width="800px"&gt;&lt;/a&gt;</msg>
<status status="PASS" starttime="20241001 11:47:30.276" endtime="20241001 11:47:30.379"/>
</kw>
<kw name="Close Browser" library="SeleniumLibrary">
<doc>Closes the current browser.</doc>
<status status="PASS" starttime="20241001 11:47:30.379" endtime="20241001 11:47:32.659"/>
</kw>
<status status="PASS" starttime="20241001 11:47:02.764" endtime="20241001 11:47:32.659"/>
</test>
<test id="s1-t3" name="ScenarioTest_SignUpForm" line="49">
<kw name="Open Browser" library="SeleniumLibrary">
<arg>${Web_QavBox}</arg>
<arg>chrome</arg>
<doc>Opens a new browser instance to the optional ``url``.</doc>
<msg timestamp="20241001 11:47:32.662" level="INFO">Opening browser 'chrome' to base url 'https://qavbox.github.io/demo/'.</msg>
<status status="PASS" starttime="20241001 11:47:32.661" endtime="20241001 11:47:35.193"/>
</kw>
<kw name="Click Element" library="SeleniumLibrary">
<arg>${SignUpForm}</arg>
<doc>Click the element identified by ``locator``.</doc>
<msg timestamp="20241001 11:47:35.195" level="INFO">Clicking element 'xpath=//a[normalize-space()='SignUp Form']'.</msg>
<status status="PASS" starttime="20241001 11:47:35.195" endtime="20241001 11:47:35.938"/>
</kw>
<kw name="Maximize Browser Window" library="SeleniumLibrary">
<doc>Maximizes current browser window.</doc>
<status status="PASS" starttime="20241001 11:47:35.938" endtime="20241001 11:47:35.987"/>
</kw>
<kw name="Input Text" library="SeleniumLibrary">
<arg>xpath=//input[@id='username']</arg>
<arg>Robot Framework</arg>
<doc>Types the given ``text`` into the text field identified by ``locator``.</doc>
<msg timestamp="20241001 11:47:35.988" level="INFO">Typing text 'Robot Framework' into text field 'xpath=//input[@id='username']'.</msg>
<status status="PASS" starttime="20241001 11:47:35.988" endtime="20241001 11:47:36.214"/>
</kw>
<kw name="Input Text" library="SeleniumLibrary">
<arg>xpath=//input[@id='email']</arg>
<arg>robot@gmail.com</arg>
<doc>Types the given ``text`` into the text field identified by ``locator``.</doc>
<msg timestamp="20241001 11:47:36.215" level="INFO">Typing text 'robot@gmail.com' into text field 'xpath=//input[@id='email']'.</msg>
<status status="PASS" starttime="20241001 11:47:36.215" endtime="20241001 11:47:36.409"/>
</kw>
<kw name="Input Text" library="SeleniumLibrary">
<arg>xpath=//input[@id='tel']</arg>
<arg>+62812345678910</arg>
<doc>Types the given ``text`` into the text field identified by ``locator``.</doc>
<msg timestamp="20241001 11:47:36.409" level="INFO">Typing text '+62812345678910' into text field 'xpath=//input[@id='tel']'.</msg>
<status status="PASS" starttime="20241001 11:47:36.409" endtime="20241001 11:47:36.581"/>
</kw>
<kw name="Click Element" library="SeleniumLibrary">
<arg>xpath=//select[@name='sgender']</arg>
<doc>Click the element identified by ``locator``.</doc>
<msg timestamp="20241001 11:47:36.582" level="INFO">Clicking element 'xpath=//select[@name='sgender']'.</msg>
<status status="PASS" starttime="20241001 11:47:36.581" endtime="20241001 11:47:36.689"/>
</kw>
<kw name="Click Element" library="SeleniumLibrary">
<arg>xpath=//option[@value='male']</arg>
<doc>Click the element identified by ``locator``.</doc>
<msg timestamp="20241001 11:47:36.690" level="INFO">Clicking element 'xpath=//option[@value='male']'.</msg>
<status status="PASS" starttime="20241001 11:47:36.689" endtime="20241001 11:47:36.740"/>
</kw>
<kw name="Capture Page Screenshot" library="SeleniumLibrary">
<arg>D:/Pyhton/Robot/Screenshot/Form.png</arg>
<doc>Takes a screenshot of the current page and embeds it into a log file.</doc>
<msg timestamp="20241001 11:47:36.900" level="INFO" html="true">&lt;/td&gt;&lt;/tr&gt;&lt;tr&gt;&lt;td colspan="3"&gt;&lt;a href="Screenshot/Form.png"&gt;&lt;img src="Screenshot/Form.png" width="800px"&gt;&lt;/a&gt;</msg>
<status status="PASS" starttime="20241001 11:47:36.741" endtime="20241001 11:47:36.900"/>
</kw>
<kw name="Sleep" library="BuiltIn">
<arg>3s</arg>
<doc>Pauses the test executed for the given time.</doc>
<msg timestamp="20241001 11:47:39.901" level="INFO">Slept 3 seconds</msg>
<status status="PASS" starttime="20241001 11:47:36.900" endtime="20241001 11:47:39.901"/>
</kw>
<kw name="Click Element" library="SeleniumLibrary">
<arg>xpath=//input[@id='submit']</arg>
<doc>Click the element identified by ``locator``.</doc>
<msg timestamp="20241001 11:47:39.901" level="INFO">Clicking element 'xpath=//input[@id='submit']'.</msg>
<status status="PASS" starttime="20241001 11:47:39.901" endtime="20241001 11:47:39.982"/>
</kw>
<kw name="Sleep" library="BuiltIn">
<arg>3s</arg>
<doc>Pauses the test executed for the given time.</doc>
<msg timestamp="20241001 11:47:42.983" level="INFO">Slept 3 seconds</msg>
<status status="PASS" starttime="20241001 11:47:39.982" endtime="20241001 11:47:42.983"/>
</kw>
<kw name="Alert Should Be Present" library="SeleniumLibrary">
<arg>Registration Done!</arg>
<doc>Verifies that an alert is present and by default, accepts it.</doc>
<msg timestamp="20241001 11:47:42.984" level="INFO">HANDLE::&lt;class 'NoneType'&gt;::None</msg>
<status status="PASS" starttime="20241001 11:47:42.983" endtime="20241001 11:47:42.991"/>
</kw>
<kw name="Close Browser" library="SeleniumLibrary">
<doc>Closes the current browser.</doc>
<status status="PASS" starttime="20241001 11:47:42.991" endtime="20241001 11:47:45.208"/>
</kw>
<status status="PASS" starttime="20241001 11:47:32.661" endtime="20241001 11:47:45.209"/>
</test>
<status status="PASS" starttime="20241001 11:46:37.175" endtime="20241001 11:47:45.210"/>
</suite>
<statistics>
<total>
<stat pass="3" fail="0" skip="0">All Tests</stat>
</total>
<tag>
</tag>
<suite>
<stat pass="3" fail="0" skip="0" id="s1" name="Test">Test</stat>
</suite>
</statistics>
<errors>
</errors>
</robot>
